  Auto build dll exports
  Couldn't open file 'D:/2025/Test/PythonFMU-master/PythonFMU-master/pythonfmu/pythonfmu-export/build/src/pythonfmu-export.dir/Debug/cppfmu_cs.obj' with CreateFile()
C:\Program Files\Microsoft Visual Studio\2022\Professional\MSBuild\Microsoft\VC\v170\Microsoft.CppCommon.targets(154,5): error MSB3073: The command "setlocal
C:\Program Files\Microsoft Visual Studio\2022\Professional\MSBuild\Microsoft\VC\v170\Microsoft.CppCommon.targets(154,5): error MSB3073: cd D:\2025\Test\PythonFMU-master\PythonFMU-master\pythonfmu\pythonfmu-export\build\src
C:\Program Files\Microsoft Visual Studio\2022\Professional\MSBuild\Microsoft\VC\v170\Microsoft.CppCommon.targets(154,5): error MSB3073: if %errorlevel% neq 0 goto :cmEnd
C:\Program Files\Microsoft Visual Studio\2022\Professional\MSBuild\Microsoft\VC\v170\Microsoft.CppCommon.targets(154,5): error MSB3073: D:
C:\Program Files\Microsoft Visual Studio\2022\Professional\MSBuild\Microsoft\VC\v170\Microsoft.CppCommon.targets(154,5): error MSB3073: if %errorlevel% neq 0 goto :cmEnd
C:\Program Files\Microsoft Visual Studio\2022\Professional\MSBuild\Microsoft\VC\v170\Microsoft.CppCommon.targets(154,5): error MSB3073: "C:\Program Files\CMake\bin\cmake.exe" -E __create_def D:/2025/Test/PythonFMU-master/PythonFMU-master/pythonfmu/pythonfmu-export/build/src/pythonfmu-export.dir/Debug/exports.def D:/2025/Test/PythonFMU-master/PythonFMU-master/pythonfmu/pythonfmu-export/build/src/pythonfmu-export.dir/Debug//objects.txt
C:\Program Files\Microsoft Visual Studio\2022\Professional\MSBuild\Microsoft\VC\v170\Microsoft.CppCommon.targets(154,5): error MSB3073: if %errorlevel% neq 0 goto :cmEnd
C:\Program Files\Microsoft Visual Studio\2022\Professional\MSBuild\Microsoft\VC\v170\Microsoft.CppCommon.targets(154,5): error MSB3073: :cmEnd
C:\Program Files\Microsoft Visual Studio\2022\Professional\MSBuild\Microsoft\VC\v170\Microsoft.CppCommon.targets(154,5): error MSB3073: endlocal & call :cmErrorLevel %errorlevel% & goto :cmDone
C:\Program Files\Microsoft Visual Studio\2022\Professional\MSBuild\Microsoft\VC\v170\Microsoft.CppCommon.targets(154,5): error MSB3073: :cmErrorLevel
C:\Program Files\Microsoft Visual Studio\2022\Professional\MSBuild\Microsoft\VC\v170\Microsoft.CppCommon.targets(154,5): error MSB3073: exit /b %1
C:\Program Files\Microsoft Visual Studio\2022\Professional\MSBuild\Microsoft\VC\v170\Microsoft.CppCommon.targets(154,5): error MSB3073: :cmDone
C:\Program Files\Microsoft Visual Studio\2022\Professional\MSBuild\Microsoft\VC\v170\Microsoft.CppCommon.targets(154,5): error MSB3073: if %errorlevel% neq 0 goto :VCEnd
C:\Program Files\Microsoft Visual Studio\2022\Professional\MSBuild\Microsoft\VC\v170\Microsoft.CppCommon.targets(154,5): error MSB3073: :VCEnd" exited with code 1.
