  Building Custom Rule D:/2025/Test/PythonFMU-master/PythonFMU-master/pythonfmu/pythonfmu-export/src/CMakeLists.txt
  cppfmu_cs.cpp
  fmi_functions.cpp
  PySlaveInstance.cpp
D:\2025\Test\PythonFMU-master\PythonFMU-master\pythonfmu\pythonfmu-export\src\pythonfmu\PySlaveInstance.cpp(100,36): warning C4244: '=': conversion from 'Py_ssize_t' to 'int', possible loss of data
  Generating Code...
  Auto build dll exports
  Couldn't open file 'D:/2025/Test/PythonFMU-master/PythonFMU-master/pythonfmu/pythonfmu-export/build/src/pythonfmu-export.dir/Release/cppfmu_cs.obj' with CreateFile()
C:\Program Files\Microsoft Visual Studio\2022\Professional\MSBuild\Microsoft\VC\v170\Microsoft.CppCommon.targets(154,5): error MSB3073: The command "setlocal
C:\Program Files\Microsoft Visual Studio\2022\Professional\MSBuild\Microsoft\VC\v170\Microsoft.CppCommon.targets(154,5): error MSB3073: cd D:\2025\Test\PythonFMU-master\PythonFMU-master\pythonfmu\pythonfmu-export\build\src
C:\Program Files\Microsoft Visual Studio\2022\Professional\MSBuild\Microsoft\VC\v170\Microsoft.CppCommon.targets(154,5): error MSB3073: if %errorlevel% neq 0 goto :cmEnd
C:\Program Files\Microsoft Visual Studio\2022\Professional\MSBuild\Microsoft\VC\v170\Microsoft.CppCommon.targets(154,5): error MSB3073: D:
C:\Program Files\Microsoft Visual Studio\2022\Professional\MSBuild\Microsoft\VC\v170\Microsoft.CppCommon.targets(154,5): error MSB3073: if %errorlevel% neq 0 goto :cmEnd
C:\Program Files\Microsoft Visual Studio\2022\Professional\MSBuild\Microsoft\VC\v170\Microsoft.CppCommon.targets(154,5): error MSB3073: "C:\Program Files\CMake\bin\cmake.exe" -E __create_def D:/2025/Test/PythonFMU-master/PythonFMU-master/pythonfmu/pythonfmu-export/build/src/pythonfmu-export.dir/Release/exports.def D:/2025/Test/PythonFMU-master/PythonFMU-master/pythonfmu/pythonfmu-export/build/src/pythonfmu-export.dir/Release//objects.txt
C:\Program Files\Microsoft Visual Studio\2022\Professional\MSBuild\Microsoft\VC\v170\Microsoft.CppCommon.targets(154,5): error MSB3073: if %errorlevel% neq 0 goto :cmEnd
C:\Program Files\Microsoft Visual Studio\2022\Professional\MSBuild\Microsoft\VC\v170\Microsoft.CppCommon.targets(154,5): error MSB3073: :cmEnd
C:\Program Files\Microsoft Visual Studio\2022\Professional\MSBuild\Microsoft\VC\v170\Microsoft.CppCommon.targets(154,5): error MSB3073: endlocal & call :cmErrorLevel %errorlevel% & goto :cmDone
C:\Program Files\Microsoft Visual Studio\2022\Professional\MSBuild\Microsoft\VC\v170\Microsoft.CppCommon.targets(154,5): error MSB3073: :cmErrorLevel
C:\Program Files\Microsoft Visual Studio\2022\Professional\MSBuild\Microsoft\VC\v170\Microsoft.CppCommon.targets(154,5): error MSB3073: exit /b %1
C:\Program Files\Microsoft Visual Studio\2022\Professional\MSBuild\Microsoft\VC\v170\Microsoft.CppCommon.targets(154,5): error MSB3073: :cmDone
C:\Program Files\Microsoft Visual Studio\2022\Professional\MSBuild\Microsoft\VC\v170\Microsoft.CppCommon.targets(154,5): error MSB3073: if %errorlevel% neq 0 goto :VCEnd
C:\Program Files\Microsoft Visual Studio\2022\Professional\MSBuild\Microsoft\VC\v170\Microsoft.CppCommon.targets(154,5): error MSB3073: :VCEnd" exited with code 1.
